Welcome, Brian White!NULL
Registering 47 cores.
Teams to exclude from Ensemble: ttu, DMIS_AML, TCSS588
Loading required package: reticulate
 [1] "gold"          "NAD"           "tttt"          "BCC"          
 [5] "ymemari"       "Team Solid"    "AAUH"          "AML_Belgrade" 
 [9] "TCSS588"       "Signal"        "CompOnc"       "ML-Med"       
[13] "skhurana"      "monogenea"     "CBA"           "Skoltech"     
[17] "BioPilot"      "BST"           "icbmunich"     "flyingpan"    
[21] "UM-BISBII-AML" "huifen"        "Resham"        "ttu"          
[25] "OncoML"        "Clyde_Dixon"   "GrauLab"       "DMIS_AML"     
[29] "uth-uhel"      "Baseline"      "MKL"           "Ensemble"     
                .
gold          Inf
NAD             0
tttt            0
BCC             0
ymemari         0
Team Solid      0
AAUH            0
AML_Belgrade    0
TCSS588         0
Signal          0
CompOnc         0
ML-Med          0
skhurana        0
monogenea       0
CBA             0
Skoltech        0
BioPilot        0
BST             0
icbmunich       0
flyingpan       0
UM-BISBII-AML   0
huifen          0
Resham          0
ttu             0
OncoML          0
Clyde_Dixon     0
GrauLab         0
DMIS_AML        0
uth-uhel        0
Baseline        0
MKL             0
Ensemble        0
                        .
gold          0.000000000
NAD           0.766784452
tttt          0.733102253
BCC           0.000000000
ymemari       0.006036217
Team Solid    0.000000000
AAUH          0.000000000
AML_Belgrade  0.000000000
TCSS588       0.000000000
Signal        0.006036217
CompOnc       0.002004008
ML-Med        0.150747986
skhurana      0.000000000
monogenea     0.000000000
CBA           0.000000000
Skoltech      0.014198783
BioPilot      0.033057851
BST           0.000000000
icbmunich     0.000000000
flyingpan     0.060445387
UM-BISBII-AML 0.308900524
huifen        0.285347044
Resham        0.057082452
ttu           0.000000000
OncoML        0.000000000
Clyde_Dixon   0.228501229
GrauLab       0.000000000
DMIS_AML      0.259445844
uth-uhel      0.001001001
Baseline              Inf
MKL           0.536098310
Ensemble      0.000000000
No id variables; using all as measure variables
There were 50 or more warnings (use warnings() to see the first 50)
  [1] AAUH          monogenea     CBA           ttu           CompOnc      
  [6] flyingpan     Resham        Clyde_Dixon   huifen        tttt         
 [11] NAD           UM-BISBII-AML DMIS_AML      ML-Med        BioPilot     
 [16] Skoltech      ymemari       uth-uhel      BCC           GrauLab      
 [21] AML_Belgrade  Team Solid    TCSS588       icbmunich     OncoML       
 [26] BST           skhurana      Baseline      MKL           Ensemble     
 [31] AAUH          monogenea     CBA           ttu           CompOnc      
 [36] flyingpan     Resham        Clyde_Dixon   huifen        tttt         
 [41] NAD           UM-BISBII-AML DMIS_AML      ML-Med        BioPilot     
 [46] Skoltech      ymemari       uth-uhel      BCC           GrauLab      
 [51] AML_Belgrade  Team Solid    TCSS588       icbmunich     OncoML       
 [56] BST           skhurana      Baseline      MKL           Ensemble     
 [61] AAUH          monogenea     CBA           ttu           CompOnc      
 [66] flyingpan     Resham        Clyde_Dixon   huifen        tttt         
 [71] NAD           UM-BISBII-AML DMIS_AML      ML-Med        BioPilot     
 [76] Skoltech      ymemari       uth-uhel      BCC           GrauLab      
 [81] AML_Belgrade  Team Solid    TCSS588       icbmunich     OncoML       
 [86] BST           skhurana      Baseline      MKL           Ensemble     
 [91] AAUH          monogenea     CBA           ttu           CompOnc      
 [96] flyingpan     Resham        Clyde_Dixon   huifen        tttt         
[101] NAD           UM-BISBII-AML DMIS_AML      ML-Med        BioPilot     
[106] Skoltech      ymemari       uth-uhel      BCC           GrauLab      
[111] AML_Belgrade  Team Solid    TCSS588       icbmunich     OncoML       
[116] BST           skhurana      Baseline      MKL           Ensemble     
30 Levels: BST OncoML icbmunich TCSS588 Team Solid AML_Belgrade GrauLab ... AAUH
 [1] "BST"           "OncoML"        "icbmunich"     "TCSS588"      
 [5] "Team Solid"    "AML_Belgrade"  "GrauLab"       "BCC"          
 [9] "uth-uhel"      "ymemari"       "Skoltech"      "BioPilot"     
[13] "ML-Med"        "DMIS_AML"      "UM-BISBII-AML" "MKL"          
[17] "NAD"           "Baseline"      "skhurana"      "tttt"         
[21] "huifen"        "Clyde_Dixon"   "Resham"        "flyingpan"    
[25] "CompOnc"       "ttu"           "CBA"           "monogenea"    
[29] "Ensemble"      "AAUH"         
Warning message:
In dir.create(plot.dir) : 'plots' already exists
