── Attaching packages ─────────────────────────────────────── tidyverse 1.3.0 ──
✔ ggplot2 3.3.3     ✔ purrr   0.3.4
✔ tibble  3.1.0     ✔ dplyr   1.0.5
✔ tidyr   1.1.3     ✔ stringr 1.4.0
✔ readr   1.4.0     ✔ forcats 0.5.1
── Conflicts ────────────────────────────────────────── tidyverse_conflicts() ──
✖ dplyr::filter() masks stats::filter()
✖ dplyr::lag()    masks stats::lag()

Attaching package: ‘reshape2’

The following object is masked from ‘package:tidyr’:

    smiths

Loading required package: ggpubr
------------------------------------------------------------------------------
You have loaded plyr after dplyr - this is likely to cause problems.
If you need functions from both plyr and dplyr, please load plyr first, then dplyr:
library(plyr); library(dplyr)
------------------------------------------------------------------------------

Attaching package: ‘plyr’

The following object is masked from ‘package:ggpubr’:

    mutate

The following objects are masked from ‘package:dplyr’:

    arrange, count, desc, failwith, id, mutate, rename, summarise,
    summarize

The following object is masked from ‘package:purrr’:

    compact

Welcome, Brian White!


UPGRADE AVAILABLE

A more recent version of the Synapse Client (2.5.1) is available. Your version (2.3.0) can be upgraded by typing:
    pip install --upgrade synapseclient

Python Synapse Client version 2.5.1 release notes

https://python-docs.synapse.org/build/html/news.html

INFO:synapseclient_default:Welcome, Brian White!

Welcome, Brian White!


UPGRADE AVAILABLE

A more recent version of the Synapse Client (2.5.1) is available. Your version (2.3.0) can be upgraded by typing:
    pip install --upgrade synapseclient

Python Synapse Client version 2.5.1 release notes

https://python-docs.synapse.org/build/html/news.html

INFO:synapseclient_default:Welcome, Brian White!

    lab_id vitalStatus overallSurvival
1 17-00346        Dead             283
2 17-00436        Dead             360
3 17-00843       Alive              52
4 17-00360       Alive             263
5 17-00499        Dead             316
6 17-00901       Alive             553
                            .
CBA                       Inf
ymemari              1.439024
uth-uhel             1.538071
CompOnc              1.666667
GrauLab              5.756757
OncoML               9.204082
Baseline: all data  21.222222
BioPilot            57.823529
icbmunich           61.500000
DMIS_AML           141.857143
Resham             199.000000
AML_Belgrade       199.000000
BST                       Inf
AAUH               999.000000
ttu                       Inf
Baseline: age       24.000000
ymemari (uncor)      2.759398
Saving 14 x 7 in image
Saving 14 x 7 in image
